14:34:25,474 INFO  main MainView: <init>: 29 - Starting constructor GUI 
14:34:25,861 INFO  main MainView: onFrameCreate: 79 - Creating Main Frame 
14:34:25,866 DEBUG main MainView: onButtonAdd: 113 - Adding buttons on the frame and listeners to them 
14:34:25,869 INFO  main MainView: addButton: 108 - Adding buttons into the Main Framejavax.swing.JButton[,250,30,120x40,invalid,alignmentX=0.0,alignmentY=0.5,border=javax.swing.plaf.BorderUIResource$CompoundBorderUIResource@3d71d552,flags=296,maximumSize=,minimumSize=,preferredSize=,defaultIcon=src/main/resources/img/zakl.png,disabledIcon=,disabledSelectedIcon=,margin=javax.swing.plaf.InsetsUIResource[top=2,left=14,bottom=2,right=14],paintBorder=true,paintFocus=true,pressedIcon=,rolloverEnabled=true,rolloverIcon=,rolloverSelectedIcon=,selectedIcon=,text=Add,defaultCapable=true] 
14:34:25,869 INFO  main MainView: addButton: 108 - Adding buttons into the Main Framejavax.swing.JButton[,250,90,120x40,invalid,alignmentX=0.0,alignmentY=0.5,border=javax.swing.plaf.BorderUIResource$CompoundBorderUIResource@3d71d552,flags=296,maximumSize=,minimumSize=,preferredSize=,defaultIcon=src/main/resources/img/delete.png,disabledIcon=,disabledSelectedIcon=,margin=javax.swing.plaf.InsetsUIResource[top=2,left=14,bottom=2,right=14],paintBorder=true,paintFocus=true,pressedIcon=,rolloverEnabled=true,rolloverIcon=,rolloverSelectedIcon=,selectedIcon=,text=Delete,defaultCapable=true] 
14:34:25,870 INFO  main MainView: addButton: 108 - Adding buttons into the Main Framejavax.swing.JButton[,250,150,120x40,invalid,alignmentX=0.0,alignmentY=0.5,border=javax.swing.plaf.BorderUIResource$CompoundBorderUIResource@3d71d552,flags=296,maximumSize=,minimumSize=,preferredSize=,defaultIcon=src/main/resources/img/edit.png,disabledIcon=,disabledSelectedIcon=,margin=javax.swing.plaf.InsetsUIResource[top=2,left=14,bottom=2,right=14],paintBorder=true,paintFocus=true,pressedIcon=,rolloverEnabled=true,rolloverIcon=,rolloverSelectedIcon=,selectedIcon=,text=Update,defaultCapable=true] 
14:34:25,870 INFO  main MainView: addButton: 108 - Adding buttons into the Main Framejavax.swing.JButton[,250,210,120x20,invalid,alignmentX=0.0,alignmentY=0.5,border=javax.swing.plaf.BorderUIResource$CompoundBorderUIResource@3d71d552,flags=296,maximumSize=,minimumSize=,preferredSize=,defaultIcon=,disabledIcon=,disabledSelectedIcon=,margin=javax.swing.plaf.InsetsUIResource[top=2,left=14,bottom=2,right=14],paintBorder=true,paintFocus=true,pressedIcon=,rolloverEnabled=true,rolloverIcon=,rolloverSelectedIcon=,selectedIcon=,text=Set filter,defaultCapable=true] 
14:34:25,870 INFO  main MainView: addButton: 108 - Adding buttons into the Main Framejavax.swing.JButton[,250,250,120x20,invalid,alignmentX=0.0,alignmentY=0.5,border=javax.swing.plaf.BorderUIResource$CompoundBorderUIResource@3d71d552,flags=296,maximumSize=,minimumSize=,preferredSize=,defaultIcon=,disabledIcon=,disabledSelectedIcon=,margin=javax.swing.plaf.InsetsUIResource[top=2,left=14,bottom=2,right=14],paintBorder=true,paintFocus=true,pressedIcon=,rolloverEnabled=true,rolloverIcon=,rolloverSelectedIcon=,selectedIcon=,text=Clear filter,defaultCapable=true] 
14:34:26,069 DEBUG main ManagerModel: textReader: 69 - Adding tasks into the frame 
14:34:26,083 DEBUG main Task: <init>: 17 - Setting title for task 
14:34:26,083 DEBUG main Task: <init>: 23 - Setting new title to the task: t 
14:34:26,121 DEBUG main Task: setTime: 72 - Time for task has been setThu Jan 01 02:00:00 EET 1970 
14:34:26,126 DEBUG main Task: setTitle: 47 - Set title for task 
14:34:26,126 DEBUG main Task: setTitle: 53 - Title for task has been created: Second task 
14:34:26,126 INFO  main TaskIO: textReader: 197 - Set Time values 
14:34:26,127 INFO  main TaskIO: textReader: 197 - Set Time values 
14:34:26,128 INFO  main TaskIO: textReader: 197 - Set Time values 
14:34:26,128 INFO  main TaskIO: textReader: 197 - Set Time values 
14:34:26,128 INFO  main TaskIO: textReader: 197 - Set Time values 
14:34:26,128 INFO  main TaskIO: textReader: 197 - Set Time values 
14:34:26,128 INFO  main TaskIO: textReader: 197 - Set Time values 
14:34:26,129 DEBUG main Task: setTime: 77 - Set start, end time and interval for task 
14:34:26,129 DEBUG main Task: setTime: 85 - Start Fri Jan 01 00:00:00 EET 2016 end Fri Jan 01 00:00:00 EET 2016 time and interval 1412147682960000 for task has been set 
14:34:26,130 DEBUG main ArrayTaskList: size: 60 - Returning size of task array: 0 
14:34:26,130 DEBUG main ArrayTaskList: size: 60 - Returning size of task array: 0 
14:34:26,130 INFO  main ArrayTaskList: addTask: 28 - Task has been added into the frame 
14:34:26,130 DEBUG main Task: <init>: 17 - Setting title for task 
14:34:26,131 DEBUG main Task: <init>: 23 - Setting new title to the task: t 
14:34:26,131 DEBUG main Task: setTime: 72 - Time for task has been setThu Jan 01 02:00:00 EET 1970 
14:34:26,131 DEBUG main Task: setTitle: 47 - Set title for task 
14:34:26,131 DEBUG main Task: setTitle: 53 - Title for task has been created: Wednesday 
14:34:26,131 DEBUG main Task: setTime: 72 - Time for task has been setWed Jan 01 00:00:00 EET 2020 
14:34:26,131 DEBUG main ArrayTaskList: size: 60 - Returning size of task array: 1 
14:34:26,131 DEBUG main ArrayTaskList: size: 60 - Returning size of task array: 1 
14:34:26,131 INFO  main ArrayTaskList: addTask: 28 - Task has been added into the frame 
14:34:26,132 DEBUG main Task: <init>: 17 - Setting title for task 
14:34:26,132 DEBUG main Task: <init>: 23 - Setting new title to the task: t 
14:34:26,132 DEBUG main Task: setTime: 72 - Time for task has been setThu Jan 01 02:00:00 EET 1970 
14:34:26,132 DEBUG main Task: setTitle: 47 - Set title for task 
14:34:26,132 DEBUG main Task: setTitle: 53 - Title for task has been created: first task 
14:34:26,132 INFO  main TaskIO: textReader: 197 - Set Time values 
14:34:26,132 INFO  main TaskIO: textReader: 197 - Set Time values 
14:34:26,132 INFO  main TaskIO: textReader: 197 - Set Time values 
14:34:26,132 INFO  main TaskIO: textReader: 197 - Set Time values 
14:34:26,132 INFO  main TaskIO: textReader: 197 - Set Time values 
14:34:26,132 INFO  main TaskIO: textReader: 197 - Set Time values 
14:34:26,133 INFO  main TaskIO: textReader: 197 - Set Time values 
14:34:26,133 DEBUG main Task: setTime: 77 - Set start, end time and interval for task 
14:34:26,134 DEBUG main Task: setTime: 85 - Start Fri Jan 01 00:00:00 EET 2016 end Sun Dec 01 00:04:00 EET 2041 time and interval 1937102640000 for task has been set 
14:34:26,134 DEBUG main ArrayTaskList: size: 60 - Returning size of task array: 2 
14:34:26,134 DEBUG main ArrayTaskList: size: 60 - Returning size of task array: 2 
14:34:26,134 INFO  main ArrayTaskList: addTask: 28 - Task has been added into the frame 
14:34:26,134 DEBUG main Task: <init>: 17 - Setting title for task 
14:34:26,134 DEBUG main Task: <init>: 23 - Setting new title to the task: t 
14:34:26,134 DEBUG main Task: setTime: 72 - Time for task has been setThu Jan 01 02:00:00 EET 1970 
14:34:26,134 DEBUG main Task: setTitle: 47 - Set title for task 
14:34:26,134 DEBUG main Task: setTitle: 53 - Title for task has been created: 12434545 
14:34:26,134 INFO  main TaskIO: textReader: 197 - Set Time values 
14:34:26,135 INFO  main TaskIO: textReader: 197 - Set Time values 
14:34:26,135 INFO  main TaskIO: textReader: 197 - Set Time values 
14:34:26,135 INFO  main TaskIO: textReader: 197 - Set Time values 
14:34:26,135 INFO  main TaskIO: textReader: 197 - Set Time values 
14:34:26,135 INFO  main TaskIO: textReader: 197 - Set Time values 
14:34:26,135 INFO  main TaskIO: textReader: 197 - Set Time values 
14:34:26,135 DEBUG main Task: setTime: 77 - Set start, end time and interval for task 
14:34:26,135 DEBUG main Task: setTime: 85 - Start Mon Jan 01 00:00:00 EET 2035 end Thu Jan 01 00:00:00 EET 2065 time and interval 137749507200000 for task has been set 
14:34:26,135 DEBUG main ArrayTaskList: size: 60 - Returning size of task array: 3 
14:34:26,136 DEBUG main ArrayTaskList: size: 60 - Returning size of task array: 3 
14:34:26,136 INFO  main ArrayTaskList: addTask: 28 - Task has been added into the frame 
14:34:26,136 DEBUG main Task: <init>: 17 - Setting title for task 
14:34:26,136 DEBUG main Task: <init>: 23 - Setting new title to the task: t 
14:34:26,136 DEBUG main Task: setTime: 72 - Time for task has been setThu Jan 01 02:00:00 EET 1970 
14:34:26,136 DEBUG main Task: setTitle: 47 - Set title for task 
14:34:26,136 DEBUG main Task: setTitle: 53 - Title for task has been created: third task 
14:34:26,136 INFO  main TaskIO: textReader: 197 - Set Time values 
14:34:26,136 INFO  main TaskIO: textReader: 197 - Set Time values 
14:34:26,136 INFO  main TaskIO: textReader: 197 - Set Time values 
14:34:26,136 INFO  main TaskIO: textReader: 197 - Set Time values 
14:34:26,136 INFO  main TaskIO: textReader: 197 - Set Time values 
14:34:26,136 INFO  main TaskIO: textReader: 197 - Set Time values 
14:34:26,137 INFO  main TaskIO: textReader: 197 - Set Time values 
14:34:26,137 DEBUG main Task: setTime: 77 - Set start, end time and interval for task 
14:34:26,141 DEBUG main Task: setTime: 85 - Start Sun May 01 00:00:00 EEST 2016 end Wed Jan 01 00:00:00 EET 2098 time and interval 2657760000 for task has been set 
14:34:26,141 DEBUG main ArrayTaskList: size: 60 - Returning size of task array: 4 
14:34:26,141 DEBUG main ArrayTaskList: size: 60 - Returning size of task array: 4 
14:34:26,141 INFO  main ArrayTaskList: addTask: 28 - Task has been added into the frame 
14:34:26,142 INFO  main TimerThread: <init>: 11 - Run timer every task from task list 
14:34:26,166 DEBUG Thread-2 ArrayTaskList: size: 60 - Returning size of task array: 5 
14:34:26,166 DEBUG Thread-2 ArrayTaskList: size: 60 - Returning size of task array: 5 
14:34:26,166 DEBUG Thread-2 ArrayTaskList: size: 60 - Returning size of task array: 5 
14:34:26,166 DEBUG Thread-2 ArrayTaskList: size: 60 - Returning size of task array: 5 
14:34:26,166 DEBUG Thread-2 ArrayTaskList: size: 60 - Returning size of task array: 5 
14:34:26,166 DEBUG Thread-2 ArrayTaskList: size: 60 - Returning size of task array: 5 
14:34:26,166 DEBUG Thread-2 ArrayTaskList: size: 60 - Returning size of task array: 5 
14:34:26,166 DEBUG Thread-2 ArrayTaskList: size: 60 - Returning size of task array: 5 
14:34:26,166 DEBUG Thread-2 ArrayTaskList: size: 60 - Returning size of task array: 5 
14:34:26,167 DEBUG Thread-2 ArrayTaskList: size: 60 - Returning size of task array: 5 
14:34:26,167 DEBUG Thread-2 ArrayTaskList: size: 60 - Returning size of task array: 5 
14:34:26,167 DEBUG Thread-2 ArrayTaskList: size: 60 - Returning size of task array: 5 
14:34:26,168 DEBUG Thread-2 ManagerModel: getTaskList: 65 - Returning the existing task list: ArrayTaskList: [Task: Second task from Fri Jan 01 00:00:00 EET 2016 to Fri Jan 01 00:00:00 EET 2016 and every 1412147682960000] [Task: Wednesday at null] [Task: first task from Fri Jan 01 00:00:00 EET 2016 to Sun Dec 01 00:04:00 EET 2041 and every 1937102640000] [Task: 12434545 from Mon Jan 01 00:00:00 EET 2035 to Thu Jan 01 00:00:00 EET 2065 and every 137749507200000] [Task: third task from Sun May 01 00:00:00 EEST 2016 to Wed Jan 01 00:00:00 EET 2098 and every 2657760000]  
14:34:26,168 DEBUG Thread-2 ArrayTaskList: size: 60 - Returning size of task array: 5 
14:34:26,168 DEBUG Thread-2 ArrayTaskList: size: 60 - Returning size of task array: 5 
14:34:26,168 INFO  Thread-2 Task: getStartTime: 101 - Get start time for task 
14:34:26,168 DEBUG Thread-2 Task: getStartTime: 103 - Return start time: Fri Jan 01 00:00:00 EET 2016 
14:34:26,168 INFO  Thread-2 Task: getStartTime: 101 - Get start time for task 
14:34:26,168 DEBUG Thread-2 Task: getStartTime: 103 - Return start time: Fri Jan 01 00:00:00 EET 2016 
14:34:26,168 INFO  Thread-2 Task: getEndTime: 112 - Get end time for task 
14:34:26,168 DEBUG Thread-2 Task: getEndTime: 114 - Return end time: Fri Jan 01 00:00:00 EET 2016 
14:34:26,168 INFO  Thread-2 Task: getEndTime: 112 - Get end time for task 
14:34:26,168 DEBUG Thread-2 Task: getEndTime: 114 - Return end time: Fri Jan 01 00:00:00 EET 2016 
14:34:26,168 DEBUG Thread-2 ArrayTaskList: size: 60 - Returning size of task array: 5 
14:34:26,168 DEBUG Thread-2 ArrayTaskList: size: 60 - Returning size of task array: 5 
14:34:26,168 INFO  Thread-2 Task: getStartTime: 101 - Get start time for task 
14:34:26,171 DEBUG Thread-2 Task: getStartTime: 107 - Return new time 
14:34:26,171 INFO  Thread-2 Task: getEndTime: 112 - Get end time for task 
14:34:26,171 DEBUG Thread-2 Task: getEndTime: 117 - Return new time 
14:34:26,171 DEBUG Thread-2 ArrayTaskList: size: 60 - Returning size of task array: 5 
14:34:26,171 DEBUG Thread-2 ArrayTaskList: size: 60 - Returning size of task array: 5 
14:34:26,172 INFO  Thread-2 Task: getStartTime: 101 - Get start time for task 
14:34:26,172 DEBUG Thread-2 Task: getStartTime: 103 - Return start time: Fri Jan 01 00:00:00 EET 2016 
14:34:26,172 INFO  Thread-2 Task: getStartTime: 101 - Get start time for task 
14:34:26,172 DEBUG Thread-2 Task: getStartTime: 103 - Return start time: Fri Jan 01 00:00:00 EET 2016 
14:34:26,172 INFO  Thread-2 Task: getEndTime: 112 - Get end time for task 
14:34:26,172 DEBUG Thread-2 Task: getEndTime: 114 - Return end time: Sun Dec 01 00:04:00 EET 2041 
14:34:26,172 DEBUG Thread-2 ArrayTaskList: size: 60 - Returning size of task array: 5 
14:34:26,173 DEBUG Thread-2 ArrayTaskList: size: 60 - Returning size of task array: 5 
14:34:26,173 INFO  Thread-2 Task: getStartTime: 101 - Get start time for task 
14:34:26,173 DEBUG Thread-2 Task: getStartTime: 103 - Return start time: Mon Jan 01 00:00:00 EET 2035 
14:34:26,174 INFO  Thread-2 Task: getEndTime: 112 - Get end time for task 
14:34:26,175 DEBUG Thread-2 Task: getEndTime: 114 - Return end time: Thu Jan 01 00:00:00 EET 2065 
14:34:26,175 DEBUG Thread-2 ArrayTaskList: size: 60 - Returning size of task array: 5 
14:34:26,175 DEBUG Thread-2 ArrayTaskList: size: 60 - Returning size of task array: 5 
14:34:26,175 INFO  Thread-2 Task: getStartTime: 101 - Get start time for task 
14:34:26,175 DEBUG Thread-2 Task: getStartTime: 103 - Return start time: Sun May 01 00:00:00 EEST 2016 
14:34:26,175 INFO  Thread-2 Task: getEndTime: 112 - Get end time for task 
14:34:26,175 DEBUG Thread-2 Task: getEndTime: 114 - Return end time: Wed Jan 01 00:00:00 EET 2098 
14:34:26,175 DEBUG Thread-2 ArrayTaskList: size: 60 - Returning size of task array: 5 
14:34:26,371 INFO  main TaskController: showTasks: 39 - Task shows on the screen 
14:34:26,372 DEBUG main ArrayTaskList: size: 60 - Returning size of task array: 5 
14:34:26,372 DEBUG main ArrayTaskList: size: 60 - Returning size of task array: 5 
14:34:26,372 DEBUG main ArrayTaskList: size: 60 - Returning size of task array: 5 
14:34:26,372 DEBUG main ArrayTaskList: size: 60 - Returning size of task array: 5 
14:34:26,372 DEBUG main ArrayTaskList: size: 60 - Returning size of task array: 5 
14:34:26,372 DEBUG main ArrayTaskList: size: 60 - Returning size of task array: 5 
14:34:26,372 DEBUG main ArrayTaskList: size: 60 - Returning size of task array: 5 
14:34:26,372 DEBUG main ArrayTaskList: size: 60 - Returning size of task array: 5 
14:34:26,372 DEBUG main ArrayTaskList: size: 60 - Returning size of task array: 5 
14:34:26,372 DEBUG main ArrayTaskList: size: 60 - Returning size of task array: 5 
14:34:26,372 DEBUG main ArrayTaskList: size: 60 - Returning size of task array: 5 
14:34:26,373 DEBUG main ArrayTaskList: size: 60 - Returning size of task array: 5 
14:34:26,373 DEBUG main ManagerModel: getTaskList: 65 - Returning the existing task list: ArrayTaskList: [Task: Second task from Fri Jan 01 00:00:00 EET 2016 to Fri Jan 01 00:00:00 EET 2016 and every 1412147682960000] [Task: Wednesday at null] [Task: first task from Fri Jan 01 00:00:00 EET 2016 to Sun Dec 01 00:04:00 EET 2041 and every 1937102640000] [Task: 12434545 from Mon Jan 01 00:00:00 EET 2035 to Thu Jan 01 00:00:00 EET 2065 and every 137749507200000] [Task: third task from Sun May 01 00:00:00 EEST 2016 to Wed Jan 01 00:00:00 EET 2098 and every 2657760000]  
14:34:26,373 INFO  main MainView: setTasks: 86 - Adding task into the Main Frame 
14:34:26,377 DEBUG main ArrayTaskList: size: 60 - Returning size of task array: 5 
14:34:26,377 DEBUG main ArrayTaskList: size: 60 - Returning size of task array: 5 
14:34:26,377 DEBUG main Task: getTitle: 42 - Returning title of the taskSecond task 
14:34:26,387 DEBUG main Task: getTitle: 42 - Returning title of the taskSecond task 
14:34:26,404 DEBUG main ArrayTaskList: size: 60 - Returning size of task array: 5 
14:34:26,404 DEBUG main ArrayTaskList: size: 60 - Returning size of task array: 5 
14:34:26,405 DEBUG main Task: getTitle: 42 - Returning title of the taskWednesday 
14:34:26,409 DEBUG main Task: getTitle: 42 - Returning title of the taskWednesday 
14:34:26,417 DEBUG main ArrayTaskList: size: 60 - Returning size of task array: 5 
14:34:26,417 DEBUG main ArrayTaskList: size: 60 - Returning size of task array: 5 
14:34:26,417 DEBUG main Task: getTitle: 42 - Returning title of the taskfirst task 
14:34:26,419 DEBUG main Task: getTitle: 42 - Returning title of the taskfirst task 
14:34:26,429 DEBUG main ArrayTaskList: size: 60 - Returning size of task array: 5 
14:34:26,429 DEBUG main ArrayTaskList: size: 60 - Returning size of task array: 5 
14:34:26,429 DEBUG main Task: getTitle: 42 - Returning title of the task12434545 
14:34:26,429 DEBUG main Task: getTitle: 42 - Returning title of the task12434545 
14:34:26,436 DEBUG main ArrayTaskList: size: 60 - Returning size of task array: 5 
14:34:26,436 DEBUG main ArrayTaskList: size: 60 - Returning size of task array: 5 
14:34:26,436 DEBUG main Task: getTitle: 42 - Returning title of the taskthird task 
14:34:26,436 DEBUG main Task: getTitle: 42 - Returning title of the taskthird task 
14:34:26,441 DEBUG main ArrayTaskList: size: 60 - Returning size of task array: 5 
14:34:27,175 DEBUG Thread-2 ArrayTaskList: size: 60 - Returning size of task array: 5 
14:34:27,175 DEBUG Thread-2 ArrayTaskList: size: 60 - Returning size of task array: 5 
14:34:27,175 DEBUG Thread-2 ArrayTaskList: size: 60 - Returning size of task array: 5 
14:34:27,175 DEBUG Thread-2 ArrayTaskList: size: 60 - Returning size of task array: 5 
14:34:27,175 DEBUG Thread-2 ArrayTaskList: size: 60 - Returning size of task array: 5 
14:34:27,175 DEBUG Thread-2 ArrayTaskList: size: 60 - Returning size of task array: 5 
14:34:27,175 DEBUG Thread-2 ArrayTaskList: size: 60 - Returning size of task array: 5 
14:34:27,175 DEBUG Thread-2 ArrayTaskList: size: 60 - Returning size of task array: 5 
14:34:27,175 DEBUG Thread-2 ArrayTaskList: size: 60 - Returning size of task array: 5 
14:34:27,175 DEBUG Thread-2 ArrayTaskList: size: 60 - Returning size of task array: 5 
14:34:27,175 DEBUG Thread-2 ArrayTaskList: size: 60 - Returning size of task array: 5 
14:34:27,176 DEBUG Thread-2 ArrayTaskList: size: 60 - Returning size of task array: 5 
14:34:27,176 DEBUG Thread-2 ManagerModel: getTaskList: 65 - Returning the existing task list: ArrayTaskList: [Task: Second task from Fri Jan 01 00:00:00 EET 2016 to Fri Jan 01 00:00:00 EET 2016 and every 1412147682960000] [Task: Wednesday at null] [Task: first task from Fri Jan 01 00:00:00 EET 2016 to Sun Dec 01 00:04:00 EET 2041 and every 1937102640000] [Task: 12434545 from Mon Jan 01 00:00:00 EET 2035 to Thu Jan 01 00:00:00 EET 2065 and every 137749507200000] [Task: third task from Sun May 01 00:00:00 EEST 2016 to Wed Jan 01 00:00:00 EET 2098 and every 2657760000]  
14:34:27,176 DEBUG Thread-2 ArrayTaskList: size: 60 - Returning size of task array: 5 
14:34:27,176 DEBUG Thread-2 ArrayTaskList: size: 60 - Returning size of task array: 5 
14:34:27,176 INFO  Thread-2 Task: getStartTime: 101 - Get start time for task 
14:34:27,176 DEBUG Thread-2 Task: getStartTime: 103 - Return start time: Fri Jan 01 00:00:00 EET 2016 
14:34:27,176 INFO  Thread-2 Task: getStartTime: 101 - Get start time for task 
14:34:27,176 DEBUG Thread-2 Task: getStartTime: 103 - Return start time: Fri Jan 01 00:00:00 EET 2016 
14:34:27,176 INFO  Thread-2 Task: getEndTime: 112 - Get end time for task 
14:34:27,176 DEBUG Thread-2 Task: getEndTime: 114 - Return end time: Fri Jan 01 00:00:00 EET 2016 
14:34:27,176 INFO  Thread-2 Task: getEndTime: 112 - Get end time for task 
14:34:27,176 DEBUG Thread-2 Task: getEndTime: 114 - Return end time: Fri Jan 01 00:00:00 EET 2016 
14:34:27,176 DEBUG Thread-2 ArrayTaskList: size: 60 - Returning size of task array: 5 
14:34:27,176 DEBUG Thread-2 ArrayTaskList: size: 60 - Returning size of task array: 5 
14:34:27,177 INFO  Thread-2 Task: getStartTime: 101 - Get start time for task 
14:34:27,177 DEBUG Thread-2 Task: getStartTime: 107 - Return new time 
14:34:27,177 INFO  Thread-2 Task: getEndTime: 112 - Get end time for task 
14:34:27,177 DEBUG Thread-2 Task: getEndTime: 117 - Return new time 
14:34:27,177 DEBUG Thread-2 ArrayTaskList: size: 60 - Returning size of task array: 5 
14:34:27,177 DEBUG Thread-2 ArrayTaskList: size: 60 - Returning size of task array: 5 
14:34:27,177 INFO  Thread-2 Task: getStartTime: 101 - Get start time for task 
14:34:27,177 DEBUG Thread-2 Task: getStartTime: 103 - Return start time: Fri Jan 01 00:00:00 EET 2016 
14:34:27,177 INFO  Thread-2 Task: getStartTime: 101 - Get start time for task 
14:34:27,177 DEBUG Thread-2 Task: getStartTime: 103 - Return start time: Fri Jan 01 00:00:00 EET 2016 
14:34:27,177 INFO  Thread-2 Task: getEndTime: 112 - Get end time for task 
14:34:27,178 DEBUG Thread-2 Task: getEndTime: 114 - Return end time: Sun Dec 01 00:04:00 EET 2041 
14:34:27,178 DEBUG Thread-2 ArrayTaskList: size: 60 - Returning size of task array: 5 
14:34:27,178 DEBUG Thread-2 ArrayTaskList: size: 60 - Returning size of task array: 5 
14:34:27,178 INFO  Thread-2 Task: getStartTime: 101 - Get start time for task 
14:34:27,178 DEBUG Thread-2 Task: getStartTime: 103 - Return start time: Mon Jan 01 00:00:00 EET 2035 
14:34:27,179 INFO  Thread-2 Task: getEndTime: 112 - Get end time for task 
14:34:27,179 DEBUG Thread-2 Task: getEndTime: 114 - Return end time: Thu Jan 01 00:00:00 EET 2065 
14:34:27,179 DEBUG Thread-2 ArrayTaskList: size: 60 - Returning size of task array: 5 
14:34:27,179 DEBUG Thread-2 ArrayTaskList: size: 60 - Returning size of task array: 5 
14:34:27,179 INFO  Thread-2 Task: getStartTime: 101 - Get start time for task 
14:34:27,179 DEBUG Thread-2 Task: getStartTime: 103 - Return start time: Sun May 01 00:00:00 EEST 2016 
14:34:27,179 INFO  Thread-2 Task: getEndTime: 112 - Get end time for task 
14:34:27,180 DEBUG Thread-2 Task: getEndTime: 114 - Return end time: Wed Jan 01 00:00:00 EET 2098 
14:34:27,180 DEBUG Thread-2 ArrayTaskList: size: 60 - Returning size of task array: 5 
14:34:28,180 DEBUG Thread-2 ArrayTaskList: size: 60 - Returning size of task array: 5 
14:34:28,180 DEBUG Thread-2 ArrayTaskList: size: 60 - Returning size of task array: 5 
14:34:28,180 DEBUG Thread-2 ArrayTaskList: size: 60 - Returning size of task array: 5 
14:34:28,180 DEBUG Thread-2 ArrayTaskList: size: 60 - Returning size of task array: 5 
14:34:28,181 DEBUG Thread-2 ArrayTaskList: size: 60 - Returning size of task array: 5 
14:34:28,181 DEBUG Thread-2 ArrayTaskList: size: 60 - Returning size of task array: 5 
14:34:28,181 DEBUG Thread-2 ArrayTaskList: size: 60 - Returning size of task array: 5 
14:34:28,181 DEBUG Thread-2 ArrayTaskList: size: 60 - Returning size of task array: 5 
14:34:28,181 DEBUG Thread-2 ArrayTaskList: size: 60 - Returning size of task array: 5 
14:34:28,181 DEBUG Thread-2 ArrayTaskList: size: 60 - Returning size of task array: 5 
14:34:28,181 DEBUG Thread-2 ArrayTaskList: size: 60 - Returning size of task array: 5 
14:34:28,181 DEBUG Thread-2 ArrayTaskList: size: 60 - Returning size of task array: 5 
14:34:28,182 DEBUG Thread-2 ManagerModel: getTaskList: 65 - Returning the existing task list: ArrayTaskList: [Task: Second task from Fri Jan 01 00:00:00 EET 2016 to Fri Jan 01 00:00:00 EET 2016 and every 1412147682960000] [Task: Wednesday at null] [Task: first task from Fri Jan 01 00:00:00 EET 2016 to Sun Dec 01 00:04:00 EET 2041 and every 1937102640000] [Task: 12434545 from Mon Jan 01 00:00:00 EET 2035 to Thu Jan 01 00:00:00 EET 2065 and every 137749507200000] [Task: third task from Sun May 01 00:00:00 EEST 2016 to Wed Jan 01 00:00:00 EET 2098 and every 2657760000]  
14:34:28,182 DEBUG Thread-2 ArrayTaskList: size: 60 - Returning size of task array: 5 
14:34:28,182 DEBUG Thread-2 ArrayTaskList: size: 60 - Returning size of task array: 5 
14:34:28,182 INFO  Thread-2 Task: getStartTime: 101 - Get start time for task 
14:34:28,182 DEBUG Thread-2 Task: getStartTime: 103 - Return start time: Fri Jan 01 00:00:00 EET 2016 
14:34:28,182 INFO  Thread-2 Task: getStartTime: 101 - Get start time for task 
14:34:28,182 DEBUG Thread-2 Task: getStartTime: 103 - Return start time: Fri Jan 01 00:00:00 EET 2016 
14:34:28,182 INFO  Thread-2 Task: getEndTime: 112 - Get end time for task 
14:34:28,183 DEBUG Thread-2 Task: getEndTime: 114 - Return end time: Fri Jan 01 00:00:00 EET 2016 
14:34:28,183 INFO  Thread-2 Task: getEndTime: 112 - Get end time for task 
14:34:28,183 DEBUG Thread-2 Task: getEndTime: 114 - Return end time: Fri Jan 01 00:00:00 EET 2016 
14:34:28,183 DEBUG Thread-2 ArrayTaskList: size: 60 - Returning size of task array: 5 
14:34:28,183 DEBUG Thread-2 ArrayTaskList: size: 60 - Returning size of task array: 5 
14:34:28,183 INFO  Thread-2 Task: getStartTime: 101 - Get start time for task 
14:34:28,183 DEBUG Thread-2 Task: getStartTime: 107 - Return new time 
14:34:28,183 INFO  Thread-2 Task: getEndTime: 112 - Get end time for task 
14:34:28,183 DEBUG Thread-2 Task: getEndTime: 117 - Return new time 
14:34:28,184 DEBUG Thread-2 ArrayTaskList: size: 60 - Returning size of task array: 5 
14:34:28,184 DEBUG Thread-2 ArrayTaskList: size: 60 - Returning size of task array: 5 
14:34:28,184 INFO  Thread-2 Task: getStartTime: 101 - Get start time for task 
14:34:28,184 DEBUG Thread-2 Task: getStartTime: 103 - Return start time: Fri Jan 01 00:00:00 EET 2016 
14:34:28,184 INFO  Thread-2 Task: getStartTime: 101 - Get start time for task 
14:34:28,184 DEBUG Thread-2 Task: getStartTime: 103 - Return start time: Fri Jan 01 00:00:00 EET 2016 
14:34:28,184 INFO  Thread-2 Task: getEndTime: 112 - Get end time for task 
14:34:28,184 DEBUG Thread-2 Task: getEndTime: 114 - Return end time: Sun Dec 01 00:04:00 EET 2041 
14:34:28,184 DEBUG Thread-2 ArrayTaskList: size: 60 - Returning size of task array: 5 
14:34:28,185 DEBUG Thread-2 ArrayTaskList: size: 60 - Returning size of task array: 5 
14:34:28,185 INFO  Thread-2 Task: getStartTime: 101 - Get start time for task 
14:34:28,185 DEBUG Thread-2 Task: getStartTime: 103 - Return start time: Mon Jan 01 00:00:00 EET 2035 
14:34:28,185 INFO  Thread-2 Task: getEndTime: 112 - Get end time for task 
14:34:28,185 DEBUG Thread-2 Task: getEndTime: 114 - Return end time: Thu Jan 01 00:00:00 EET 2065 
14:34:28,185 DEBUG Thread-2 ArrayTaskList: size: 60 - Returning size of task array: 5 
14:34:28,185 DEBUG Thread-2 ArrayTaskList: size: 60 - Returning size of task array: 5 
14:34:28,185 INFO  Thread-2 Task: getStartTime: 101 - Get start time for task 
14:34:28,185 DEBUG Thread-2 Task: getStartTime: 103 - Return start time: Sun May 01 00:00:00 EEST 2016 
14:34:28,186 INFO  Thread-2 Task: getEndTime: 112 - Get end time for task 
14:34:28,186 DEBUG Thread-2 Task: getEndTime: 114 - Return end time: Wed Jan 01 00:00:00 EET 2098 
14:34:28,186 DEBUG Thread-2 ArrayTaskList: size: 60 - Returning size of task array: 5 
14:34:29,186 DEBUG Thread-2 ArrayTaskList: size: 60 - Returning size of task array: 5 
14:34:29,186 DEBUG Thread-2 ArrayTaskList: size: 60 - Returning size of task array: 5 
14:34:29,186 DEBUG Thread-2 ArrayTaskList: size: 60 - Returning size of task array: 5 
14:34:29,186 DEBUG Thread-2 ArrayTaskList: size: 60 - Returning size of task array: 5 
14:34:29,186 DEBUG Thread-2 ArrayTaskList: size: 60 - Returning size of task array: 5 
14:34:29,186 DEBUG Thread-2 ArrayTaskList: size: 60 - Returning size of task array: 5 
14:34:29,187 DEBUG Thread-2 ArrayTaskList: size: 60 - Returning size of task array: 5 
14:34:29,187 DEBUG Thread-2 ArrayTaskList: size: 60 - Returning size of task array: 5 
14:34:29,187 DEBUG Thread-2 ArrayTaskList: size: 60 - Returning size of task array: 5 
14:34:29,187 DEBUG Thread-2 ArrayTaskList: size: 60 - Returning size of task array: 5 
14:34:29,187 DEBUG Thread-2 ArrayTaskList: size: 60 - Returning size of task array: 5 
14:34:29,187 DEBUG Thread-2 ArrayTaskList: size: 60 - Returning size of task array: 5 
14:34:29,187 DEBUG Thread-2 ManagerModel: getTaskList: 65 - Returning the existing task list: ArrayTaskList: [Task: Second task from Fri Jan 01 00:00:00 EET 2016 to Fri Jan 01 00:00:00 EET 2016 and every 1412147682960000] [Task: Wednesday at null] [Task: first task from Fri Jan 01 00:00:00 EET 2016 to Sun Dec 01 00:04:00 EET 2041 and every 1937102640000] [Task: 12434545 from Mon Jan 01 00:00:00 EET 2035 to Thu Jan 01 00:00:00 EET 2065 and every 137749507200000] [Task: third task from Sun May 01 00:00:00 EEST 2016 to Wed Jan 01 00:00:00 EET 2098 and every 2657760000]  
14:34:29,188 DEBUG Thread-2 ArrayTaskList: size: 60 - Returning size of task array: 5 
14:34:29,188 DEBUG Thread-2 ArrayTaskList: size: 60 - Returning size of task array: 5 
14:34:29,188 INFO  Thread-2 Task: getStartTime: 101 - Get start time for task 
14:34:29,188 DEBUG Thread-2 Task: getStartTime: 103 - Return start time: Fri Jan 01 00:00:00 EET 2016 
14:34:29,188 INFO  Thread-2 Task: getStartTime: 101 - Get start time for task 
14:34:29,188 DEBUG Thread-2 Task: getStartTime: 103 - Return start time: Fri Jan 01 00:00:00 EET 2016 
14:34:29,188 INFO  Thread-2 Task: getEndTime: 112 - Get end time for task 
14:34:29,188 DEBUG Thread-2 Task: getEndTime: 114 - Return end time: Fri Jan 01 00:00:00 EET 2016 
14:34:29,188 INFO  Thread-2 Task: getEndTime: 112 - Get end time for task 
14:34:29,188 DEBUG Thread-2 Task: getEndTime: 114 - Return end time: Fri Jan 01 00:00:00 EET 2016 
14:34:29,189 DEBUG Thread-2 ArrayTaskList: size: 60 - Returning size of task array: 5 
14:34:29,189 DEBUG Thread-2 ArrayTaskList: size: 60 - Returning size of task array: 5 
14:34:29,189 INFO  Thread-2 Task: getStartTime: 101 - Get start time for task 
14:34:29,189 DEBUG Thread-2 Task: getStartTime: 107 - Return new time 
14:34:29,189 INFO  Thread-2 Task: getEndTime: 112 - Get end time for task 
14:34:29,189 DEBUG Thread-2 Task: getEndTime: 117 - Return new time 
14:34:29,189 DEBUG Thread-2 ArrayTaskList: size: 60 - Returning size of task array: 5 
14:34:29,189 DEBUG Thread-2 ArrayTaskList: size: 60 - Returning size of task array: 5 
14:34:29,189 INFO  Thread-2 Task: getStartTime: 101 - Get start time for task 
14:34:29,189 DEBUG Thread-2 Task: getStartTime: 103 - Return start time: Fri Jan 01 00:00:00 EET 2016 
14:34:29,190 INFO  Thread-2 Task: getStartTime: 101 - Get start time for task 
14:34:29,190 DEBUG Thread-2 Task: getStartTime: 103 - Return start time: Fri Jan 01 00:00:00 EET 2016 
14:34:29,190 INFO  Thread-2 Task: getEndTime: 112 - Get end time for task 
14:34:29,190 DEBUG Thread-2 Task: getEndTime: 114 - Return end time: Sun Dec 01 00:04:00 EET 2041 
14:34:29,190 DEBUG Thread-2 ArrayTaskList: size: 60 - Returning size of task array: 5 
14:34:29,190 DEBUG Thread-2 ArrayTaskList: size: 60 - Returning size of task array: 5 
14:34:29,190 INFO  Thread-2 Task: getStartTime: 101 - Get start time for task 
14:34:29,190 DEBUG Thread-2 Task: getStartTime: 103 - Return start time: Mon Jan 01 00:00:00 EET 2035 
14:34:29,190 INFO  Thread-2 Task: getEndTime: 112 - Get end time for task 
14:34:29,190 DEBUG Thread-2 Task: getEndTime: 114 - Return end time: Thu Jan 01 00:00:00 EET 2065 
14:34:29,191 DEBUG Thread-2 ArrayTaskList: size: 60 - Returning size of task array: 5 
14:34:29,191 DEBUG Thread-2 ArrayTaskList: size: 60 - Returning size of task array: 5 
14:34:29,191 INFO  Thread-2 Task: getStartTime: 101 - Get start time for task 
14:34:29,191 DEBUG Thread-2 Task: getStartTime: 103 - Return start time: Sun May 01 00:00:00 EEST 2016 
14:34:29,191 INFO  Thread-2 Task: getEndTime: 112 - Get end time for task 
14:34:29,191 DEBUG Thread-2 Task: getEndTime: 114 - Return end time: Wed Jan 01 00:00:00 EET 2098 
14:34:29,191 DEBUG Thread-2 ArrayTaskList: size: 60 - Returning size of task array: 5 
14:34:30,191 DEBUG Thread-2 ArrayTaskList: size: 60 - Returning size of task array: 5 
14:34:30,191 DEBUG Thread-2 ArrayTaskList: size: 60 - Returning size of task array: 5 
14:34:30,191 DEBUG Thread-2 ArrayTaskList: size: 60 - Returning size of task array: 5 
14:34:30,191 DEBUG Thread-2 ArrayTaskList: size: 60 - Returning size of task array: 5 
14:34:30,191 DEBUG Thread-2 ArrayTaskList: size: 60 - Returning size of task array: 5 
14:34:30,192 DEBUG Thread-2 ArrayTaskList: size: 60 - Returning size of task array: 5 
14:34:30,192 DEBUG Thread-2 ArrayTaskList: size: 60 - Returning size of task array: 5 
14:34:30,192 DEBUG Thread-2 ArrayTaskList: size: 60 - Returning size of task array: 5 
14:34:30,192 DEBUG Thread-2 ArrayTaskList: size: 60 - Returning size of task array: 5 
14:34:30,192 DEBUG Thread-2 ArrayTaskList: size: 60 - Returning size of task array: 5 
14:34:30,192 DEBUG Thread-2 ArrayTaskList: size: 60 - Returning size of task array: 5 
14:34:30,192 DEBUG Thread-2 ArrayTaskList: size: 60 - Returning size of task array: 5 
14:34:30,192 DEBUG Thread-2 ManagerModel: getTaskList: 65 - Returning the existing task list: ArrayTaskList: [Task: Second task from Fri Jan 01 00:00:00 EET 2016 to Fri Jan 01 00:00:00 EET 2016 and every 1412147682960000] [Task: Wednesday at null] [Task: first task from Fri Jan 01 00:00:00 EET 2016 to Sun Dec 01 00:04:00 EET 2041 and every 1937102640000] [Task: 12434545 from Mon Jan 01 00:00:00 EET 2035 to Thu Jan 01 00:00:00 EET 2065 and every 137749507200000] [Task: third task from Sun May 01 00:00:00 EEST 2016 to Wed Jan 01 00:00:00 EET 2098 and every 2657760000]  
14:34:30,192 DEBUG Thread-2 ArrayTaskList: size: 60 - Returning size of task array: 5 
14:34:30,192 DEBUG Thread-2 ArrayTaskList: size: 60 - Returning size of task array: 5 
14:34:30,192 INFO  Thread-2 Task: getStartTime: 101 - Get start time for task 
14:34:30,192 DEBUG Thread-2 Task: getStartTime: 103 - Return start time: Fri Jan 01 00:00:00 EET 2016 
14:34:30,192 INFO  Thread-2 Task: getStartTime: 101 - Get start time for task 
14:34:30,193 DEBUG Thread-2 Task: getStartTime: 103 - Return start time: Fri Jan 01 00:00:00 EET 2016 
14:34:30,193 INFO  Thread-2 Task: getEndTime: 112 - Get end time for task 
14:34:30,193 DEBUG Thread-2 Task: getEndTime: 114 - Return end time: Fri Jan 01 00:00:00 EET 2016 
14:34:30,193 INFO  Thread-2 Task: getEndTime: 112 - Get end time for task 
14:34:30,193 DEBUG Thread-2 Task: getEndTime: 114 - Return end time: Fri Jan 01 00:00:00 EET 2016 
14:34:30,193 DEBUG Thread-2 ArrayTaskList: size: 60 - Returning size of task array: 5 
14:34:30,193 DEBUG Thread-2 ArrayTaskList: size: 60 - Returning size of task array: 5 
14:34:30,193 INFO  Thread-2 Task: getStartTime: 101 - Get start time for task 
14:34:30,193 DEBUG Thread-2 Task: getStartTime: 107 - Return new time 
14:34:30,193 INFO  Thread-2 Task: getEndTime: 112 - Get end time for task 
14:34:30,193 DEBUG Thread-2 Task: getEndTime: 117 - Return new time 
14:34:30,193 DEBUG Thread-2 ArrayTaskList: size: 60 - Returning size of task array: 5 
14:34:30,193 DEBUG Thread-2 ArrayTaskList: size: 60 - Returning size of task array: 5 
14:34:30,193 INFO  Thread-2 Task: getStartTime: 101 - Get start time for task 
14:34:30,193 DEBUG Thread-2 Task: getStartTime: 103 - Return start time: Fri Jan 01 00:00:00 EET 2016 
14:34:30,194 INFO  Thread-2 Task: getStartTime: 101 - Get start time for task 
14:34:30,194 DEBUG Thread-2 Task: getStartTime: 103 - Return start time: Fri Jan 01 00:00:00 EET 2016 
14:34:30,194 INFO  Thread-2 Task: getEndTime: 112 - Get end time for task 
14:34:30,194 DEBUG Thread-2 Task: getEndTime: 114 - Return end time: Sun Dec 01 00:04:00 EET 2041 
14:34:30,194 DEBUG Thread-2 ArrayTaskList: size: 60 - Returning size of task array: 5 
14:34:30,194 DEBUG Thread-2 ArrayTaskList: size: 60 - Returning size of task array: 5 
14:34:30,194 INFO  Thread-2 Task: getStartTime: 101 - Get start time for task 
14:34:30,194 DEBUG Thread-2 Task: getStartTime: 103 - Return start time: Mon Jan 01 00:00:00 EET 2035 
14:34:30,194 INFO  Thread-2 Task: getEndTime: 112 - Get end time for task 
14:34:30,194 DEBUG Thread-2 Task: getEndTime: 114 - Return end time: Thu Jan 01 00:00:00 EET 2065 
14:34:30,194 DEBUG Thread-2 ArrayTaskList: size: 60 - Returning size of task array: 5 
14:34:30,194 DEBUG Thread-2 ArrayTaskList: size: 60 - Returning size of task array: 5 
14:34:30,194 INFO  Thread-2 Task: getStartTime: 101 - Get start time for task 
14:34:30,195 DEBUG Thread-2 Task: getStartTime: 103 - Return start time: Sun May 01 00:00:00 EEST 2016 
14:34:30,195 INFO  Thread-2 Task: getEndTime: 112 - Get end time for task 
14:34:30,195 DEBUG Thread-2 Task: getEndTime: 114 - Return end time: Wed Jan 01 00:00:00 EET 2098 
14:34:30,195 DEBUG Thread-2 ArrayTaskList: size: 60 - Returning size of task array: 5 
14:34:30,854 INFO  AWT-EventQueue-0 MainView: windowClosing: 41 - Window has been closed 
